C:\Users\adm\Desktop\maze\Debug\cl.command.1.tlog
C:\Users\adm\Desktop\maze\Debug\CL.read.1.tlog
C:\Users\adm\Desktop\maze\Debug\CL.write.1.tlog
C:\USERS\ADM\DESKTOP\MAZE\DEBUG\CQLEARNING.OBJ
C:\Users\adm\Desktop\maze\Debug\link.3428.read.1.tlog
C:\Users\adm\Desktop\maze\Debug\link.3428.write.1.tlog
C:\Users\adm\Desktop\maze\Debug\link.3428-cvtres.read.1.tlog
C:\Users\adm\Desktop\maze\Debug\link.3428-cvtres.write.1.tlog
C:\Users\adm\Desktop\maze\Debug\link.command.1.tlog
C:\Users\adm\Desktop\maze\Debug\link.read.1.tlog
C:\Users\adm\Desktop\maze\Debug\link.write.1.tlog
C:\Users\adm\Desktop\maze\Debug\link-cvtres.read.1.tlog
C:\Users\adm\Desktop\maze\Debug\link-cvtres.write.1.tlog
C:\USERS\ADM\DESKTOP\MAZE\DEBUG\MAIN.OBJ
C:\USERS\ADM\DESKTOP\MAZE\DEBUG\MAZE.EXE
C:\USERS\ADM\DESKTOP\MAZE\DEBUG\MAZE.EXE.EMBED.MANIFEST
C:\USERS\ADM\DESKTOP\MAZE\DEBUG\MAZE.EXE.EMBED.MANIFEST.RES
C:\USERS\ADM\DESKTOP\MAZE\DEBUG\MAZE.EXE.INTERMEDIATE.MANIFEST
C:\USERS\ADM\DESKTOP\MAZE\DEBUG\MAZE.ILK
C:\USERS\ADM\DESKTOP\MAZE\DEBUG\MAZE.PDB
C:\Users\adm\Desktop\maze\Debug\maze.write.1.tlog
C:\Users\adm\Desktop\maze\Debug\maze_manifest.rc
C:\Users\adm\Desktop\maze\Debug\mt.command.1.tlog
C:\Users\adm\Desktop\maze\Debug\mt.read.1.tlog
C:\Users\adm\Desktop\maze\Debug\mt.write.1.tlog
C:\Users\adm\Desktop\maze\Debug\rc.command.1.tlog
C:\Users\adm\Desktop\maze\Debug\rc.read.1.tlog
C:\Users\adm\Desktop\maze\Debug\rc.write.1.tlog
C:\Users\adm\Desktop\maze\Debug\vc100.idb
C:\USERS\ADM\DESKTOP\MAZE\DEBUG\VC100.PDB
