已經開始建置於 2016/5/29 下午 05:01:09。
     1>節點 2 (build 目標) 上的專案 "D:\github up load program\IRL-of-f-version\maze.vcxproj"。
     1>InitializeBuildStatus:
         由於指定了 "AlwaysCreate"，因此正在建立 "Debug\maze.unsuccessfulbuild"。
       ClCompile:
         C:\Program Files (x86)\Microsoft Visual Studio 10.0\VC\bin\CL.exe /c /ZI /nologo /W3 /WX- /Od /Oy- /D WIN32 /D _DEBUG /D _CONSOLE /D _UNICODE /D UNICODE /Gm /EHsc /RTC1 /MDd /GS /fp:precise /Zc:wchar_t /Zc:forScope /Fo"Debug\\" /Fd"Debug\vc100.pdb" /Gd /TP /analyze- /errorReport:prompt CQLearning.cpp Main.cpp
         CQLearning.cpp
         正在產生程式碼...
         正在略過... (未偵測到相關變更)
         Main.cpp
       ManifestResourceCompile:
         所有輸出都是最新的。
       Link:
         C:\Program Files (x86)\Microsoft Visual Studio 10.0\VC\bin\link.exe /ERRORREPORT:PROMPT /OUT:"D:\github up load program\IRL-of-f-version\Debug\maze.exe" /INCREMENTAL /NOLOGO kernel32.lib user32.lib gdi32.lib winspool.lib comdlg32.lib advapi32.lib shell32.lib ole32.lib oleaut32.lib uuid.lib odbc32.lib odbccp32.lib /MANIFEST /ManifestFile:"Debug\maze.exe.intermediate.manifest" /MANIFESTUAC:"level='asInvoker' uiAccess='false'" /DEBUG /PDB:"D:\github up load program\IRL-of-f-version\Debug\maze.pdb" /SUBSYSTEM:CONSOLE /TLBID:1 /DYNAMICBASE /NXCOMPAT /IMPLIB:"D:\github up load program\IRL-of-f-version\Debug\maze.lib" /MACHINE:X86 Debug\maze.exe.embed.manifest.res
         Debug\CQLearning.obj
         Debug\Main.obj
       Manifest:
         C:\Program Files (x86)\Microsoft SDKs\Windows\v7.0A\bin\mt.exe /nologo /verbose /out:"Debug\maze.exe.embed.manifest" /manifest Debug\maze.exe.intermediate.manifest
         所有輸出都是最新的。
       LinkEmbedManifest:
         所有輸出都是最新的。
         maze.vcxproj -> D:\github up load program\IRL-of-f-version\Debug\maze.exe
       FinalizeBuildStatus:
         正在刪除檔案 "Debug\maze.unsuccessfulbuild"。
         正在變更時間戳記 "Debug\maze.lastbuildstate"。
     1>專案 "D:\github up load program\IRL-of-f-version\maze.vcxproj" (build 目標) 建置完成。

建置成功。

經過時間 00:00:01.05
